{"C:\\Users\\manju\\Documents\\GitHub\\Frontend-Redux\\src\\App.tsx": {"path":"C:\\Users\\manju\\Documents\\GitHub\\Frontend-Redux\\src\\App.tsx","all":true,"statementMap":{"0":{"start":{"line":1,"column":0},"end":{"line":1,"column":18}},"2":{"start":{"line":3,"column":0},"end":{"line":3,"column":25}},"5":{"start":{"line":6,"column":0},"end":{"line":6,"column":10}},"6":{"start":{"line":7,"column":0},"end":{"line":7,"column":6}},"8":{"start":{"line":9,"column":0},"end":{"line":9,"column":7}},"10":{"start":{"line":11,"column":0},"end":{"line":11,"column":1}},"12":{"start":{"line":13,"column":0},"end":{"line":13,"column":18}}},"s":{"0":0,"2":0,"5":0,"6":0,"8":0,"10":0,"12":0},"branchMap":{"0":{"type":"branch","line":1,"loc":{"start":{"line":1,"column":0},"end":{"line":13,"column":-93}},"locations":[{"start":{"line":1,"column":0},"end":{"line":13,"column":-93}}]}},"b":{"0":[0]},"fnMap":{"0":{"name":"(empty-report)","decl":{"start":{"line":1,"column":0},"end":{"line":13,"column":-93}},"loc":{"start":{"line":1,"column":0},"end":{"line":13,"column":-93}},"line":1}},"f":{"0":0}}
,"C:\\Users\\manju\\Documents\\GitHub\\Frontend-Redux\\src\\main.tsx": {"path":"C:\\Users\\manju\\Documents\\GitHub\\Frontend-Redux\\src\\main.tsx","all":true,"statementMap":{"0":{"start":{"line":1,"column":0},"end":{"line":1,"column":34}},"1":{"start":{"line":2,"column":0},"end":{"line":2,"column":45}},"2":{"start":{"line":3,"column":0},"end":{"line":3,"column":27}},"3":{"start":{"line":4,"column":0},"end":{"line":4,"column":20}},"5":{"start":{"line":6,"column":0},"end":{"line":6,"column":52}},"6":{"start":{"line":7,"column":0},"end":{"line":7,"column":14}},"7":{"start":{"line":8,"column":0},"end":{"line":8,"column":11}},"8":{"start":{"line":9,"column":0},"end":{"line":9,"column":16}},"9":{"start":{"line":10,"column":0},"end":{"line":10,"column":1}}},"s":{"0":0,"1":0,"2":0,"3":0,"5":0,"6":0,"7":0,"8":0,"9":0},"branchMap":{"0":{"type":"branch","line":1,"loc":{"start":{"line":1,"column":238},"end":{"line":10,"column":1}},"locations":[{"start":{"line":1,"column":238},"end":{"line":10,"column":1}}]}},"b":{"0":[0]},"fnMap":{"0":{"name":"(empty-report)","decl":{"start":{"line":1,"column":238},"end":{"line":10,"column":1}},"loc":{"start":{"line":1,"column":238},"end":{"line":10,"column":1}},"line":1}},"f":{"0":0}}
,"C:\\Users\\manju\\Documents\\GitHub\\Frontend-Redux\\src\\components\\greet\\greet.tsx": {"path":"C:\\Users\\manju\\Documents\\GitHub\\Frontend-Redux\\src\\components\\greet\\greet.tsx","all":false,"statementMap":{"0":{"start":{"line":1,"column":0},"end":{"line":1,"column":40}},"3":{"start":{"line":4,"column":0},"end":{"line":4,"column":33}},"4":{"start":{"line":5,"column":0},"end":{"line":5,"column":12}},"5":{"start":{"line":6,"column":0},"end":{"line":6,"column":72}},"7":{"start":{"line":8,"column":0},"end":{"line":8,"column":1}},"9":{"start":{"line":10,"column":0},"end":{"line":10,"column":21}}},"s":{"0":1,"3":1,"4":1,"5":1,"7":1,"9":1},"branchMap":{"0":{"type":"branch","line":4,"loc":{"start":{"line":4,"column":12},"end":{"line":8,"column":1}},"locations":[{"start":{"line":4,"column":12},"end":{"line":8,"column":1}}]},"1":{"type":"branch","line":6,"loc":{"start":{"line":6,"column":38},"end":{"line":6,"column":58}},"locations":[{"start":{"line":6,"column":38},"end":{"line":6,"column":58}}]}},"b":{"0":[1],"1":[0]},"fnMap":{"0":{"name":"Greet","decl":{"start":{"line":4,"column":12},"end":{"line":8,"column":1}},"loc":{"start":{"line":4,"column":12},"end":{"line":8,"column":1}},"line":4}},"f":{"0":1}}
,"C:\\Users\\manju\\Documents\\GitHub\\Frontend-Redux\\src\\components\\greet\\greet.types.ts": {"path":"C:\\Users\\manju\\Documents\\GitHub\\Frontend-Redux\\src\\components\\greet\\greet.types.ts","all":true,"statementMap":{},"s":{},"branchMap":{"0":{"type":"branch","line":1,"loc":{"start":{"line":1,"column":45},"end":{"line":3,"column":1}},"locations":[{"start":{"line":1,"column":45},"end":{"line":3,"column":1}}]}},"b":{"0":[1]},"fnMap":{"0":{"name":"(empty-report)","decl":{"start":{"line":1,"column":45},"end":{"line":3,"column":1}},"loc":{"start":{"line":1,"column":45},"end":{"line":3,"column":1}},"line":1}},"f":{"0":1}}
}
